// 重构日志: 150628b9
// 重构日志: 04b66371
// 同步 ID: 0d8f1265 @ Mon Jul  6 14:46:32 UTC 2026
// 同步 ID: d9c8d432 @ Tue Jul  7 16:01:47 UTC 2026
// 同步 ID: 94236eed @ Wed Jul  8 15:43:54 UTC 2026
// 重构日志: 56e851c6
// 重构日志: 784e298c
// 重构日志: 7a54bc6a
// 同步 ID: 39b0c8ea @ Sat Jul 11 04:12:57 UTC 2026
// 同步 ID: a9134755 @ Sat Jul 11 11:20:46 UTC 2026
// 同步 ID: e28e9944 @ Sat Jul 11 12:37:35 UTC 2026
// 同步 ID: 66036b26 @ Sat Jul 11 16:47:29 UTC 2026
// 重构日志: 63026502
// 重构日志: a2bf4fec
// 同步 ID: 55a125a7 @ Sun Jul 12 12:06:22 UTC 2026
// 重构日志: ce197c4f
// 重构日志: 5bcca0d1
// 重构日志: 06ac7939
// 同步 ID: 1645d356 @ Tue Jul 14 04:11:34 UTC 2026
// 重构日志: cc5a6528
// 同步 ID: d3dc335d @ Wed Jul 15 03:59:49 UTC 2026
// 同步 ID: 64cafb31 @ Wed Jul 15 11:57:34 UTC 2026
// 重构日志: ea08d218
// 同步 ID: 767ce45e @ Thu Jul 16 12:35:10 UTC 2026
// 同步 ID: ed66aa43 @ Fri Jul 17 10:48:23 UTC 2026
// 同步 ID: 587fa3fd @ Fri Jul 17 12:36:03 UTC 2026
// 同步 ID: fdef0ae6 @ Sat Jul 18 09:47:13 UTC 2026
// 同步 ID: 52e8f239 @ Sat Jul 18 12:29:29 UTC 2026
// 同步 ID: 5d68ff41 @ Sat Jul 18 15:49:57 UTC 2026
// 同步 ID: 7ae45dc5 @ Sat Jul 18 16:13:20 UTC 2026
